<?xml version="1.0" encoding="UTF-8"?>
<testng-results skipped="0" failed="0" ignored="0" total="1" passed="1">
  <reporter-output>
  </reporter-output>
  <suite name="Default suite" duration-ms="180582" started-at="2020-07-21T17:49:01 IST" finished-at="2020-07-21T17:52:02 IST">
    <groups>
      <group name="cucumber">
        <method signature="AbstractTestNGCucumberTests.runScenario(io.cucumber.testng.PickleWrapper, io.cucumber.testng.FeatureWrapper)[pri:0, instance:Runner.Runner@33c7e1bb]" name="runScenario" class="io.cucumber.testng.AbstractTestNGCucumberTests"/>
      </group> <!-- cucumber -->
    </groups>
    <test name="Default test" duration-ms="180582" started-at="2020-07-21T17:49:01 IST" finished-at="2020-07-21T17:52:02 IST">
      <class name="Runner.Runner">
        <test-method status="PASS" signature="setUpClass()[pri:0, instance:Runner.Runner@33c7e1bb]" name="setUpClass" is-config="true" duration-ms="1055" started-at="2020-07-21T17:49:01 IST" finished-at="2020-07-21T17:49:02 IST">
          <reporter-output>
          </reporter-output>
        </test-method> <!-- setUpClass -->
        <test-method status="PASS" signature="runScenario(io.cucumber.testng.PickleWrapper, io.cucumber.testng.FeatureWrapper)[pri:0, instance:Runner.Runner@33c7e1bb]" name="runScenario" duration-ms="179269" started-at="2020-07-21T17:49:02 IST" description="Runs Cucumber Scenarios" data-provider="scenarios" finished-at="2020-07-21T17:52:02 IST">
          <params>
            <param index="0">
              <value>
                <![CDATA["Testing the Login feature with valid data"]]>
              </value>
            </param>
            <param index="1">
              <value>
                <![CDATA["Optional[Testing the Login feature for the Nestaway Application]"]]>
              </value>
            </param>
          </params>
          <reporter-output>
          </reporter-output>
        </test-method> <!-- runScenario -->
        <test-method status="PASS" signature="tearDownClass()[pri:0, instance:Runner.Runner@33c7e1bb]" name="tearDownClass" is-config="true" duration-ms="60" started-at="2020-07-21T17:52:02 IST" finished-at="2020-07-21T17:52:02 IST">
          <reporter-output>
          </reporter-output>
        </test-method> <!-- tearDownClass -->
      </class> <!-- Runner.Runner -->
    </test> <!-- Default test -->
  </suite> <!-- Default suite -->
</testng-results>
